{
  "stats": {
    "suites": 1,
    "tests": 5,
    "passes": 5,
    "pending": 0,
    "failures": 0,
    "start": "2025-11-12T00:47:04.787Z",
    "end": "2025-11-12T00:47:29.483Z",
    "duration": 24696,
    "testsRegistered": 5,
    "passPercent": 100,
    "pendingPercent": 0,
    "other": 0,
    "hasOther": false,
    "skipped": 0,
    "hasSkipped": false
  },
  "results": [
    {
      "uuid": "b60c3241-6c86-4ddf-a113-6f782ffee69f",
      "title": "",
      "fullFile": "cypress\\e2e\\usuario\\login.cy.js",
      "file": "cypress\\e2e\\usuario\\login.cy.js",
      "beforeHooks": [],
      "afterHooks": [],
      "tests": [],
      "suites": [
        {
          "uuid": "3921558e-4ee3-4b79-9ed5-d66f972cb92b",
          "title": "Suíte - Testes Login",
          "fullFile": "",
          "file": "",
          "beforeHooks": [],
          "afterHooks": [],
          "tests": [
            {
              "title": "Deve realizar o login com sucesso",
              "fullTitle": "Suíte - Testes Login Deve realizar o login com sucesso",
              "timedOut": null,
              "duration": 9207,
              "state": "passed",
              "speed": "medium",
              "pass": true,
              "fail": false,
              "pending": false,
              "context": null,
              "code": "loginActions.loginComCredenciaisValidas();\nloginActions.verificarLoginComSucesso({\n  username: fixtureData.nome\n});",
              "err": {},
              "uuid": "0a04d976-f66a-4f30-97dc-4297b4c0c021",
              "parentUUID": "3921558e-4ee3-4b79-9ed5-d66f972cb92b",
              "isHook": false,
              "skipped": false
            },
            {
              "title": "Deve exibir erro ao tentar logar sem informar o usuário",
              "fullTitle": "Suíte - Testes Login Deve exibir erro ao tentar logar sem informar o usuário",
              "timedOut": null,
              "duration": 3147,
              "state": "passed",
              "speed": "fast",
              "pass": true,
              "fail": false,
              "pending": false,
              "context": null,
              "code": "loginActions.loginComCredenciaisInvalidas(\" \", 'senha123');\nloginActions.verificarErroUsuarioObrigatorio();",
              "err": {},
              "uuid": "60c66649-bc70-473e-bb9a-a22b56e51f7f",
              "parentUUID": "3921558e-4ee3-4b79-9ed5-d66f972cb92b",
              "isHook": false,
              "skipped": false
            },
            {
              "title": "Deve exibir erro ao tentar logar com email inválido",
              "fullTitle": "Suíte - Testes Login Deve exibir erro ao tentar logar com email inválido",
              "timedOut": null,
              "duration": 4024,
              "state": "passed",
              "speed": "fast",
              "pass": true,
              "fail": false,
              "pending": false,
              "context": null,
              "code": "loginActions.loginComCredenciaisInvalidas(\"\", \"senha123\");\nloginActions.verificarErroEmailInvalido();",
              "err": {},
              "uuid": "b933c0ac-dde8-4929-ae46-1eebe19bbbe0",
              "parentUUID": "3921558e-4ee3-4b79-9ed5-d66f972cb92b",
              "isHook": false,
              "skipped": false
            },
            {
              "title": "Deve exibir erro ao tentar logar com senha incorreta",
              "fullTitle": "Suíte - Testes Login Deve exibir erro ao tentar logar com senha incorreta",
              "timedOut": null,
              "duration": 3779,
              "state": "passed",
              "speed": "fast",
              "pass": true,
              "fail": false,
              "pending": false,
              "context": null,
              "code": "loginActions.loginComCredenciaisInvalidas(Cypress.env('email'), \"senhaIncorreta\");\nloginActions.verificarErroSenhaIncorreta(Cypress.env('email'));",
              "err": {},
              "uuid": "e7e75c15-7a09-4ec1-9d18-24707a61ee13",
              "parentUUID": "3921558e-4ee3-4b79-9ed5-d66f972cb92b",
              "isHook": false,
              "skipped": false
            },
            {
              "title": "Deve exibir erro ao tentar logar com o campo senha vazio",
              "fullTitle": "Suíte - Testes Login Deve exibir erro ao tentar logar com o campo senha vazio",
              "timedOut": null,
              "duration": 3735,
              "state": "passed",
              "speed": "fast",
              "pass": true,
              "fail": false,
              "pending": false,
              "context": null,
              "code": "loginActions.loginComCredenciaisInvalidas(Cypress.env('email'), \" \");\nloginActions.verificarErroSenhavazio();",
              "err": {},
              "uuid": "2296ce4f-f41f-49a4-9db6-22b39030f855",
              "parentUUID": "3921558e-4ee3-4b79-9ed5-d66f972cb92b",
              "isHook": false,
              "skipped": false
            }
          ],
          "suites": [],
          "passes": [
            "0a04d976-f66a-4f30-97dc-4297b4c0c021",
            "60c66649-bc70-473e-bb9a-a22b56e51f7f",
            "b933c0ac-dde8-4929-ae46-1eebe19bbbe0",
            "e7e75c15-7a09-4ec1-9d18-24707a61ee13",
            "2296ce4f-f41f-49a4-9db6-22b39030f855"
          ],
          "failures": [],
          "pending": [],
          "skipped": [],
          "duration": 23892,
          "root": false,
          "rootEmpty": false,
          "_timeout": 2000
        }
      ],
      "passes": [],
      "failures": [],
      "pending": [],
      "skipped": [],
      "duration": 0,
      "root": true,
      "rootEmpty": true,
      "_timeout": 2000
    }
  ],
  "meta": {
    "mocha": {
      "version": "7.2.0"
    },
    "mochawesome": {
      "options": {
        "quiet": false,
        "reportFilename": "index.html",
        "saveHtml": true,
        "saveJson": true,
        "consoleReporter": "spec",
        "useInlineDiffs": false,
        "code": true
      },
      "version": "7.1.4"
    },
    "marge": {
      "options": {
        "reportDir": "mochawesome-report",
        "overwrite": false,
        "reportFilename": "index.html",
        "html": true,
        "json": true
      },
      "version": "6.3.2"
    }
  }
}