{
  "stats": {
    "suites": 1,
    "tests": 2,
    "passes": 2,
    "pending": 0,
    "failures": 0,
    "start": "2025-11-14T20:49:35.865Z",
    "end": "2025-11-14T20:49:57.337Z",
    "duration": 21472,
    "testsRegistered": 2,
    "passPercent": 100,
    "pendingPercent": 0,
    "other": 0,
    "hasOther": false,
    "skipped": 0,
    "hasSkipped": false
  },
  "results": [
    {
      "uuid": "64d39104-0ad2-408b-a725-4337faa7b062",
      "title": "",
      "fullFile": "cypress/e2e/usuario/cadastro.cy.js",
      "file": "cypress/e2e/usuario/cadastro.cy.js",
      "beforeHooks": [],
      "afterHooks": [],
      "tests": [],
      "suites": [
        {
          "uuid": "25a2f5a5-102b-4be7-b6f6-8f5d03094a1d",
          "title": "Suíte - Criar Conta de usuário",
          "fullFile": "",
          "file": "",
          "beforeHooks": [],
          "afterHooks": [],
          "tests": [
            {
              "title": "Deve realizar o cadastro de usuário com sucesso",
              "fullTitle": "Suíte - Criar Conta de usuário Deve realizar o cadastro de usuário com sucesso",
              "timedOut": null,
              "duration": 15281,
              "state": "passed",
              "speed": "slow",
              "pass": true,
              "fail": false,
              "pending": false,
              "context": null,
              "code": "cadastroActions.cadastrarUsuario(usuario); // cadastra o usuário\ncadastroActions.verificarCadastroComSucesso(usuario); // verifica se o cadastro foi bem sucedido",
              "err": {},
              "uuid": "1a602c39-5bbe-4f24-8bb6-b2816c67ddc9",
              "parentUUID": "25a2f5a5-102b-4be7-b6f6-8f5d03094a1d",
              "isHook": false,
              "skipped": false
            },
            {
              "title": "Deve apresentar mensagem de ERRO para email já cadastrado",
              "fullTitle": "Suíte - Criar Conta de usuário Deve apresentar mensagem de ERRO para email já cadastrado",
              "timedOut": null,
              "duration": 5879,
              "state": "passed",
              "speed": "medium",
              "pass": true,
              "fail": false,
              "pending": false,
              "context": null,
              "code": "cadastroActions.cadastrarUsuario(usuario);\ncadastroActions.verificarErroEmailExistente();",
              "err": {},
              "uuid": "3517c135-bbb5-4c5d-a09f-6d98bd27199d",
              "parentUUID": "25a2f5a5-102b-4be7-b6f6-8f5d03094a1d",
              "isHook": false,
              "skipped": false
            }
          ],
          "suites": [],
          "passes": [
            "1a602c39-5bbe-4f24-8bb6-b2816c67ddc9",
            "3517c135-bbb5-4c5d-a09f-6d98bd27199d"
          ],
          "failures": [],
          "pending": [],
          "skipped": [],
          "duration": 21160,
          "root": false,
          "rootEmpty": false,
          "_timeout": 2000
        }
      ],
      "passes": [],
      "failures": [],
      "pending": [],
      "skipped": [],
      "duration": 0,
      "root": true,
      "rootEmpty": true,
      "_timeout": 2000
    }
  ],
  "meta": {
    "mocha": {
      "version": "7.2.0"
    },
    "mochawesome": {
      "options": {
        "quiet": false,
        "reportFilename": "index.html",
        "saveHtml": true,
        "saveJson": true,
        "consoleReporter": "spec",
        "useInlineDiffs": false,
        "code": true
      },
      "version": "7.1.4"
    },
    "marge": {
      "options": {
        "reportDir": "mochawesome-report",
        "overwrite": false,
        "reportFilename": "index.html",
        "html": true,
        "json": true
      },
      "version": "6.3.2"
    }
  }
}