{
  "stats": {
    "suites": 1,
    "tests": 5,
    "passes": 5,
    "pending": 0,
    "failures": 0,
    "start": "2025-11-14T20:50:07.932Z",
    "end": "2025-11-14T20:50:39.484Z",
    "duration": 31552,
    "testsRegistered": 5,
    "passPercent": 100,
    "pendingPercent": 0,
    "other": 0,
    "hasOther": false,
    "skipped": 0,
    "hasSkipped": false
  },
  "results": [
    {
      "uuid": "95fc64fd-2d34-428c-816c-81093b5e3dee",
      "title": "",
      "fullFile": "cypress/e2e/usuario/login.cy.js",
      "file": "cypress/e2e/usuario/login.cy.js",
      "beforeHooks": [],
      "afterHooks": [],
      "tests": [],
      "suites": [
        {
          "uuid": "cab5b478-d157-4588-a112-b09929d078bc",
          "title": "Suíte - Testes Login",
          "fullFile": "",
          "file": "",
          "beforeHooks": [],
          "afterHooks": [],
          "tests": [
            {
              "title": "Deve realizar o login com sucesso",
              "fullTitle": "Suíte - Testes Login Deve realizar o login com sucesso",
              "timedOut": null,
              "duration": 9966,
              "state": "passed",
              "speed": "medium",
              "pass": true,
              "fail": false,
              "pending": false,
              "context": null,
              "code": "loginActions.loginComCredenciaisValidas();\nloginActions.verificarLoginComSucesso({\n  username: fixtureData.nome\n});",
              "err": {},
              "uuid": "14abefda-13c3-4899-b8b4-09f65232f9b2",
              "parentUUID": "cab5b478-d157-4588-a112-b09929d078bc",
              "isHook": false,
              "skipped": false
            },
            {
              "title": "Deve exibir erro ao tentar logar sem informar o usuário",
              "fullTitle": "Suíte - Testes Login Deve exibir erro ao tentar logar sem informar o usuário",
              "timedOut": null,
              "duration": 3799,
              "state": "passed",
              "speed": "fast",
              "pass": true,
              "fail": false,
              "pending": false,
              "context": null,
              "code": "loginActions.loginComCredenciaisInvalidas(\" \", 'senha123');\nloginActions.verificarErroUsuarioObrigatorio();",
              "err": {},
              "uuid": "8410c264-f2da-41f0-9739-2f67bc1ce4cb",
              "parentUUID": "cab5b478-d157-4588-a112-b09929d078bc",
              "isHook": false,
              "skipped": false
            },
            {
              "title": "Deve exibir erro ao tentar logar com email inválido",
              "fullTitle": "Suíte - Testes Login Deve exibir erro ao tentar logar com email inválido",
              "timedOut": null,
              "duration": 4357,
              "state": "passed",
              "speed": "fast",
              "pass": true,
              "fail": false,
              "pending": false,
              "context": null,
              "code": "loginActions.loginComCredenciaisInvalidas(\"\", \"senha123\");\nloginActions.verificarErroEmailInvalido();",
              "err": {},
              "uuid": "16e733a4-0dcc-4470-a45c-632fe7ad9124",
              "parentUUID": "cab5b478-d157-4588-a112-b09929d078bc",
              "isHook": false,
              "skipped": false
            },
            {
              "title": "Deve exibir erro ao tentar logar com senha incorreta",
              "fullTitle": "Suíte - Testes Login Deve exibir erro ao tentar logar com senha incorreta",
              "timedOut": null,
              "duration": 4398,
              "state": "passed",
              "speed": "fast",
              "pass": true,
              "fail": false,
              "pending": false,
              "context": null,
              "code": "loginActions.loginComCredenciaisInvalidas(Cypress.env('email'), \"senhaIncorreta\");\nloginActions.verificarErroSenhaIncorreta(Cypress.env('email'));",
              "err": {},
              "uuid": "3e79905e-05a9-49c7-b7ac-cde63f7e7c16",
              "parentUUID": "cab5b478-d157-4588-a112-b09929d078bc",
              "isHook": false,
              "skipped": false
            },
            {
              "title": "Deve exibir erro ao tentar logar com o campo senha vazio",
              "fullTitle": "Suíte - Testes Login Deve exibir erro ao tentar logar com o campo senha vazio",
              "timedOut": null,
              "duration": 8129,
              "state": "passed",
              "speed": "medium",
              "pass": true,
              "fail": false,
              "pending": false,
              "context": null,
              "code": "loginActions.loginComCredenciaisInvalidas(Cypress.env('email'), \" \");\nloginActions.verificarErroSenhavazio();",
              "err": {},
              "uuid": "5c2b753f-1654-46c3-b0fe-9c29c54734d2",
              "parentUUID": "cab5b478-d157-4588-a112-b09929d078bc",
              "isHook": false,
              "skipped": false
            }
          ],
          "suites": [],
          "passes": [
            "14abefda-13c3-4899-b8b4-09f65232f9b2",
            "8410c264-f2da-41f0-9739-2f67bc1ce4cb",
            "16e733a4-0dcc-4470-a45c-632fe7ad9124",
            "3e79905e-05a9-49c7-b7ac-cde63f7e7c16",
            "5c2b753f-1654-46c3-b0fe-9c29c54734d2"
          ],
          "failures": [],
          "pending": [],
          "skipped": [],
          "duration": 30649,
          "root": false,
          "rootEmpty": false,
          "_timeout": 2000
        }
      ],
      "passes": [],
      "failures": [],
      "pending": [],
      "skipped": [],
      "duration": 0,
      "root": true,
      "rootEmpty": true,
      "_timeout": 2000
    }
  ],
  "meta": {
    "mocha": {
      "version": "7.2.0"
    },
    "mochawesome": {
      "options": {
        "quiet": false,
        "reportFilename": "index.html",
        "saveHtml": true,
        "saveJson": true,
        "consoleReporter": "spec",
        "useInlineDiffs": false,
        "code": true
      },
      "version": "7.1.4"
    },
    "marge": {
      "options": {
        "reportDir": "mochawesome-report",
        "overwrite": false,
        "reportFilename": "index.html",
        "html": true,
        "json": true
      },
      "version": "6.3.2"
    }
  }
}