{
  "stats": {
    "suites": 1,
    "tests": 2,
    "passes": 1,
    "pending": 1,
    "failures": 0,
    "start": "2025-11-14T20:48:39.473Z",
    "end": "2025-11-14T20:49:22.288Z",
    "duration": 42815,
    "testsRegistered": 2,
    "passPercent": 100,
    "pendingPercent": 50,
    "other": 0,
    "hasOther": false,
    "skipped": 0,
    "hasSkipped": false
  },
  "results": [
    {
      "uuid": "717d7f0a-71ad-48aa-b1aa-f341fbf5fa8d",
      "title": "",
      "fullFile": "cypress/e2e/carrinhoCompras/compra.cy.js",
      "file": "cypress/e2e/carrinhoCompras/compra.cy.js",
      "beforeHooks": [],
      "afterHooks": [],
      "tests": [],
      "suites": [
        {
          "uuid": "0d4a636f-81b0-4963-94b9-37c22aa12339",
          "title": "Suíte - Carrinho de Compras",
          "fullFile": "",
          "file": "",
          "beforeHooks": [],
          "afterHooks": [],
          "tests": [
            {
              "title": "Deve efetuar a compra buscando pelo nome do produto",
              "fullTitle": "Suíte - Carrinho de Compras Deve efetuar a compra buscando pelo nome do produto",
              "timedOut": null,
              "duration": 42378,
              "state": "passed",
              "speed": "slow",
              "pass": true,
              "fail": false,
              "pending": false,
              "context": null,
              "code": "cy.fixture('produtos').then(produtos => {\n  // Importa os dados do arquivo JSON\n  const produto = produtos[0];\n  comprasActions.buscarProduto(produto.nome);\n  comprasActions.selecionarCaracteristica(produto.tamanho, produto.cor, produto.quantidade);\n  comprasActions.AdicionarAoCarrinho();\n  comprasActions.validarMensagemDeSucesso(`${produto.quantidade} × “${produto.nome}” foram adicionados no seu carrinho.`);\n  comprasActions.verCarrinho();\n  comprasActions.concluirCompra();\n  loginActions.loginComCredenciaisValidas();\n  comprasActions.pagarCompra();\n  comprasActions.validarMensagemDeSucessoOrder('Obrigado. Seu pedido foi recebido.');\n});",
              "err": {},
              "uuid": "2d541784-29d0-46e6-ba90-f56220b21537",
              "parentUUID": "0d4a636f-81b0-4963-94b9-37c22aa12339",
              "isHook": false,
              "skipped": false
            },
            {
              "title": "Deve efetuar a compra selecionando o item na lista de produtos",
              "fullTitle": "Suíte - Carrinho de Compras Deve efetuar a compra selecionando o item na lista de produtos",
              "timedOut": null,
              "duration": 0,
              "state": "pending",
              "speed": null,
              "pass": false,
              "fail": false,
              "pending": true,
              "context": null,
              "code": "//TODO",
              "err": {},
              "uuid": "765cafc6-4836-42e3-84e7-83e555ef2610",
              "parentUUID": "0d4a636f-81b0-4963-94b9-37c22aa12339",
              "isHook": false,
              "skipped": false
            }
          ],
          "suites": [],
          "passes": [
            "2d541784-29d0-46e6-ba90-f56220b21537"
          ],
          "failures": [],
          "pending": [
            "765cafc6-4836-42e3-84e7-83e555ef2610"
          ],
          "skipped": [],
          "duration": 42378,
          "root": false,
          "rootEmpty": false,
          "_timeout": 2000
        }
      ],
      "passes": [],
      "failures": [],
      "pending": [],
      "skipped": [],
      "duration": 0,
      "root": true,
      "rootEmpty": true,
      "_timeout": 2000
    }
  ],
  "meta": {
    "mocha": {
      "version": "7.2.0"
    },
    "mochawesome": {
      "options": {
        "quiet": false,
        "reportFilename": "index.html",
        "saveHtml": true,
        "saveJson": true,
        "consoleReporter": "spec",
        "useInlineDiffs": false,
        "code": true
      },
      "version": "7.1.4"
    },
    "marge": {
      "options": {
        "reportDir": "mochawesome-report",
        "overwrite": false,
        "reportFilename": "index.html",
        "html": true,
        "json": true
      },
      "version": "6.3.2"
    }
  }
}