{
  "stats": {
    "suites": 3,
    "tests": 9,
    "passes": 8,
    "pending": 1,
    "failures": 0,
    "testsRegistered": 9,
    "passPercent": 88.88888888888889,
    "pendingPercent": 11.11111111111111,
    "other": 0,
    "hasOther": false,
    "skipped": 0,
    "hasSkipped": false,
    "start": "2025-11-14T20:48:39.473Z",
    "end": "2025-11-14T20:50:39.484Z",
    "duration": 120011
  },
  "results": [
    {
      "uuid": "717d7f0a-71ad-48aa-b1aa-f341fbf5fa8d",
      "title": "",
      "fullFile": "cypress/e2e/carrinhoCompras/compra.cy.js",
      "file": "cypress/e2e/carrinhoCompras/compra.cy.js",
      "beforeHooks": [],
      "afterHooks": [],
      "tests": [],
      "suites": [
        {
          "uuid": "0d4a636f-81b0-4963-94b9-37c22aa12339",
          "title": "Suíte - Carrinho de Compras",
          "fullFile": "",
          "file": "",
          "beforeHooks": [],
          "afterHooks": [],
          "tests": [
            {
              "title": "Deve efetuar a compra buscando pelo nome do produto",
              "fullTitle": "Suíte - Carrinho de Compras Deve efetuar a compra buscando pelo nome do produto",
              "timedOut": null,
              "duration": 42378,
              "state": "passed",
              "speed": "slow",
              "pass": true,
              "fail": false,
              "pending": false,
              "context": null,
              "code": "cy.fixture('produtos').then(produtos => {\n  // Importa os dados do arquivo JSON\n  const produto = produtos[0];\n  comprasActions.buscarProduto(produto.nome);\n  comprasActions.selecionarCaracteristica(produto.tamanho, produto.cor, produto.quantidade);\n  comprasActions.AdicionarAoCarrinho();\n  comprasActions.validarMensagemDeSucesso(`${produto.quantidade} × “${produto.nome}” foram adicionados no seu carrinho.`);\n  comprasActions.verCarrinho();\n  comprasActions.concluirCompra();\n  loginActions.loginComCredenciaisValidas();\n  comprasActions.pagarCompra();\n  comprasActions.validarMensagemDeSucessoOrder('Obrigado. Seu pedido foi recebido.');\n});",
              "err": {},
              "uuid": "2d541784-29d0-46e6-ba90-f56220b21537",
              "parentUUID": "0d4a636f-81b0-4963-94b9-37c22aa12339",
              "isHook": false,
              "skipped": false
            },
            {
              "title": "Deve efetuar a compra selecionando o item na lista de produtos",
              "fullTitle": "Suíte - Carrinho de Compras Deve efetuar a compra selecionando o item na lista de produtos",
              "timedOut": null,
              "duration": 0,
              "state": "pending",
              "speed": null,
              "pass": false,
              "fail": false,
              "pending": true,
              "context": null,
              "code": "//TODO",
              "err": {},
              "uuid": "765cafc6-4836-42e3-84e7-83e555ef2610",
              "parentUUID": "0d4a636f-81b0-4963-94b9-37c22aa12339",
              "isHook": false,
              "skipped": false
            }
          ],
          "suites": [],
          "passes": [
            "2d541784-29d0-46e6-ba90-f56220b21537"
          ],
          "failures": [],
          "pending": [
            "765cafc6-4836-42e3-84e7-83e555ef2610"
          ],
          "skipped": [],
          "duration": 42378,
          "root": false,
          "rootEmpty": false,
          "_timeout": 2000
        }
      ],
      "passes": [],
      "failures": [],
      "pending": [],
      "skipped": [],
      "duration": 0,
      "root": true,
      "rootEmpty": true,
      "_timeout": 2000
    },
    {
      "uuid": "64d39104-0ad2-408b-a725-4337faa7b062",
      "title": "",
      "fullFile": "cypress/e2e/usuario/cadastro.cy.js",
      "file": "cypress/e2e/usuario/cadastro.cy.js",
      "beforeHooks": [],
      "afterHooks": [],
      "tests": [],
      "suites": [
        {
          "uuid": "25a2f5a5-102b-4be7-b6f6-8f5d03094a1d",
          "title": "Suíte - Criar Conta de usuário",
          "fullFile": "",
          "file": "",
          "beforeHooks": [],
          "afterHooks": [],
          "tests": [
            {
              "title": "Deve realizar o cadastro de usuário com sucesso",
              "fullTitle": "Suíte - Criar Conta de usuário Deve realizar o cadastro de usuário com sucesso",
              "timedOut": null,
              "duration": 15281,
              "state": "passed",
              "speed": "slow",
              "pass": true,
              "fail": false,
              "pending": false,
              "context": null,
              "code": "cadastroActions.cadastrarUsuario(usuario); // cadastra o usuário\ncadastroActions.verificarCadastroComSucesso(usuario); // verifica se o cadastro foi bem sucedido",
              "err": {},
              "uuid": "1a602c39-5bbe-4f24-8bb6-b2816c67ddc9",
              "parentUUID": "25a2f5a5-102b-4be7-b6f6-8f5d03094a1d",
              "isHook": false,
              "skipped": false
            },
            {
              "title": "Deve apresentar mensagem de ERRO para email já cadastrado",
              "fullTitle": "Suíte - Criar Conta de usuário Deve apresentar mensagem de ERRO para email já cadastrado",
              "timedOut": null,
              "duration": 5879,
              "state": "passed",
              "speed": "medium",
              "pass": true,
              "fail": false,
              "pending": false,
              "context": null,
              "code": "cadastroActions.cadastrarUsuario(usuario);\ncadastroActions.verificarErroEmailExistente();",
              "err": {},
              "uuid": "3517c135-bbb5-4c5d-a09f-6d98bd27199d",
              "parentUUID": "25a2f5a5-102b-4be7-b6f6-8f5d03094a1d",
              "isHook": false,
              "skipped": false
            }
          ],
          "suites": [],
          "passes": [
            "1a602c39-5bbe-4f24-8bb6-b2816c67ddc9",
            "3517c135-bbb5-4c5d-a09f-6d98bd27199d"
          ],
          "failures": [],
          "pending": [],
          "skipped": [],
          "duration": 21160,
          "root": false,
          "rootEmpty": false,
          "_timeout": 2000
        }
      ],
      "passes": [],
      "failures": [],
      "pending": [],
      "skipped": [],
      "duration": 0,
      "root": true,
      "rootEmpty": true,
      "_timeout": 2000
    },
    {
      "uuid": "95fc64fd-2d34-428c-816c-81093b5e3dee",
      "title": "",
      "fullFile": "cypress/e2e/usuario/login.cy.js",
      "file": "cypress/e2e/usuario/login.cy.js",
      "beforeHooks": [],
      "afterHooks": [],
      "tests": [],
      "suites": [
        {
          "uuid": "cab5b478-d157-4588-a112-b09929d078bc",
          "title": "Suíte - Testes Login",
          "fullFile": "",
          "file": "",
          "beforeHooks": [],
          "afterHooks": [],
          "tests": [
            {
              "title": "Deve realizar o login com sucesso",
              "fullTitle": "Suíte - Testes Login Deve realizar o login com sucesso",
              "timedOut": null,
              "duration": 9966,
              "state": "passed",
              "speed": "medium",
              "pass": true,
              "fail": false,
              "pending": false,
              "context": null,
              "code": "loginActions.loginComCredenciaisValidas();\nloginActions.verificarLoginComSucesso({\n  username: fixtureData.nome\n});",
              "err": {},
              "uuid": "14abefda-13c3-4899-b8b4-09f65232f9b2",
              "parentUUID": "cab5b478-d157-4588-a112-b09929d078bc",
              "isHook": false,
              "skipped": false
            },
            {
              "title": "Deve exibir erro ao tentar logar sem informar o usuário",
              "fullTitle": "Suíte - Testes Login Deve exibir erro ao tentar logar sem informar o usuário",
              "timedOut": null,
              "duration": 3799,
              "state": "passed",
              "speed": "fast",
              "pass": true,
              "fail": false,
              "pending": false,
              "context": null,
              "code": "loginActions.loginComCredenciaisInvalidas(\" \", 'senha123');\nloginActions.verificarErroUsuarioObrigatorio();",
              "err": {},
              "uuid": "8410c264-f2da-41f0-9739-2f67bc1ce4cb",
              "parentUUID": "cab5b478-d157-4588-a112-b09929d078bc",
              "isHook": false,
              "skipped": false
            },
            {
              "title": "Deve exibir erro ao tentar logar com email inválido",
              "fullTitle": "Suíte - Testes Login Deve exibir erro ao tentar logar com email inválido",
              "timedOut": null,
              "duration": 4357,
              "state": "passed",
              "speed": "fast",
              "pass": true,
              "fail": false,
              "pending": false,
              "context": null,
              "code": "loginActions.loginComCredenciaisInvalidas(\"\", \"senha123\");\nloginActions.verificarErroEmailInvalido();",
              "err": {},
              "uuid": "16e733a4-0dcc-4470-a45c-632fe7ad9124",
              "parentUUID": "cab5b478-d157-4588-a112-b09929d078bc",
              "isHook": false,
              "skipped": false
            },
            {
              "title": "Deve exibir erro ao tentar logar com senha incorreta",
              "fullTitle": "Suíte - Testes Login Deve exibir erro ao tentar logar com senha incorreta",
              "timedOut": null,
              "duration": 4398,
              "state": "passed",
              "speed": "fast",
              "pass": true,
              "fail": false,
              "pending": false,
              "context": null,
              "code": "loginActions.loginComCredenciaisInvalidas(Cypress.env('email'), \"senhaIncorreta\");\nloginActions.verificarErroSenhaIncorreta(Cypress.env('email'));",
              "err": {},
              "uuid": "3e79905e-05a9-49c7-b7ac-cde63f7e7c16",
              "parentUUID": "cab5b478-d157-4588-a112-b09929d078bc",
              "isHook": false,
              "skipped": false
            },
            {
              "title": "Deve exibir erro ao tentar logar com o campo senha vazio",
              "fullTitle": "Suíte - Testes Login Deve exibir erro ao tentar logar com o campo senha vazio",
              "timedOut": null,
              "duration": 8129,
              "state": "passed",
              "speed": "medium",
              "pass": true,
              "fail": false,
              "pending": false,
              "context": null,
              "code": "loginActions.loginComCredenciaisInvalidas(Cypress.env('email'), \" \");\nloginActions.verificarErroSenhavazio();",
              "err": {},
              "uuid": "5c2b753f-1654-46c3-b0fe-9c29c54734d2",
              "parentUUID": "cab5b478-d157-4588-a112-b09929d078bc",
              "isHook": false,
              "skipped": false
            }
          ],
          "suites": [],
          "passes": [
            "14abefda-13c3-4899-b8b4-09f65232f9b2",
            "8410c264-f2da-41f0-9739-2f67bc1ce4cb",
            "16e733a4-0dcc-4470-a45c-632fe7ad9124",
            "3e79905e-05a9-49c7-b7ac-cde63f7e7c16",
            "5c2b753f-1654-46c3-b0fe-9c29c54734d2"
          ],
          "failures": [],
          "pending": [],
          "skipped": [],
          "duration": 30649,
          "root": false,
          "rootEmpty": false,
          "_timeout": 2000
        }
      ],
      "passes": [],
      "failures": [],
      "pending": [],
      "skipped": [],
      "duration": 0,
      "root": true,
      "rootEmpty": true,
      "_timeout": 2000
    }
  ],
  "meta": {
    "mocha": {
      "version": "7.2.0"
    },
    "mochawesome": {
      "options": {
        "quiet": false,
        "reportFilename": "index.html",
        "saveHtml": true,
        "saveJson": true,
        "consoleReporter": "spec",
        "useInlineDiffs": false,
        "code": true
      },
      "version": "7.1.4"
    },
    "marge": {
      "options": {
        "reportDir": "mochawesome-report",
        "overwrite": false,
        "reportFilename": "index.html",
        "html": true,
        "json": true
      },
      "version": "6.3.2"
    }
  }
}