{
  "stats": {
    "suites": 3,
    "tests": 9,
    "passes": 8,
    "pending": 1,
    "failures": 0,
    "testsRegistered": 9,
    "passPercent": 88.88888888888889,
    "pendingPercent": 11.11111111111111,
    "other": 0,
    "hasOther": false,
    "skipped": 0,
    "hasSkipped": false,
    "start": "2025-11-12T00:45:42.151Z",
    "end": "2025-11-12T00:47:29.483Z",
    "duration": 107332
  },
  "results": [
    {
      "uuid": "e235fa50-c37e-4387-b1ed-d937712c1912",
      "title": "",
      "fullFile": "cypress\\e2e\\usuario\\cadastro.cy.js",
      "file": "cypress\\e2e\\usuario\\cadastro.cy.js",
      "beforeHooks": [],
      "afterHooks": [],
      "tests": [],
      "suites": [
        {
          "uuid": "65bb500b-e547-46ff-9986-300c9553db7b",
          "title": "Suíte - Criar Conta de usuário",
          "fullFile": "",
          "file": "",
          "beforeHooks": [],
          "afterHooks": [],
          "tests": [
            {
              "title": "Deve realizar o cadastro de usuário com sucesso",
              "fullTitle": "Suíte - Criar Conta de usuário Deve realizar o cadastro de usuário com sucesso",
              "timedOut": null,
              "duration": 14823,
              "state": "passed",
              "speed": "slow",
              "pass": true,
              "fail": false,
              "pending": false,
              "context": null,
              "code": "cadastroActions.cadastrarUsuario(usuario); // cadastra o usuário\ncadastroActions.verificarCadastroComSucesso(usuario); // verifica se o cadastro foi bem sucedido",
              "err": {},
              "uuid": "ebd56cd8-f72c-443d-a7f8-efac102dcc4e",
              "parentUUID": "65bb500b-e547-46ff-9986-300c9553db7b",
              "isHook": false,
              "skipped": false
            },
            {
              "title": "Deve apresentar mensagem de ERRO para email já cadastrado",
              "fullTitle": "Suíte - Criar Conta de usuário Deve apresentar mensagem de ERRO para email já cadastrado",
              "timedOut": null,
              "duration": 5666,
              "state": "passed",
              "speed": "medium",
              "pass": true,
              "fail": false,
              "pending": false,
              "context": null,
              "code": "cadastroActions.cadastrarUsuario(usuario);\ncadastroActions.verificarErroEmailExistente();",
              "err": {},
              "uuid": "3ea7638e-362a-4557-982c-6dbdf2bab2f0",
              "parentUUID": "65bb500b-e547-46ff-9986-300c9553db7b",
              "isHook": false,
              "skipped": false
            }
          ],
          "suites": [],
          "passes": [
            "ebd56cd8-f72c-443d-a7f8-efac102dcc4e",
            "3ea7638e-362a-4557-982c-6dbdf2bab2f0"
          ],
          "failures": [],
          "pending": [],
          "skipped": [],
          "duration": 20489,
          "root": false,
          "rootEmpty": false,
          "_timeout": 2000
        }
      ],
      "passes": [],
      "failures": [],
      "pending": [],
      "skipped": [],
      "duration": 0,
      "root": true,
      "rootEmpty": true,
      "_timeout": 2000
    },
    {
      "uuid": "b60c3241-6c86-4ddf-a113-6f782ffee69f",
      "title": "",
      "fullFile": "cypress\\e2e\\usuario\\login.cy.js",
      "file": "cypress\\e2e\\usuario\\login.cy.js",
      "beforeHooks": [],
      "afterHooks": [],
      "tests": [],
      "suites": [
        {
          "uuid": "3921558e-4ee3-4b79-9ed5-d66f972cb92b",
          "title": "Suíte - Testes Login",
          "fullFile": "",
          "file": "",
          "beforeHooks": [],
          "afterHooks": [],
          "tests": [
            {
              "title": "Deve realizar o login com sucesso",
              "fullTitle": "Suíte - Testes Login Deve realizar o login com sucesso",
              "timedOut": null,
              "duration": 9207,
              "state": "passed",
              "speed": "medium",
              "pass": true,
              "fail": false,
              "pending": false,
              "context": null,
              "code": "loginActions.loginComCredenciaisValidas();\nloginActions.verificarLoginComSucesso({\n  username: fixtureData.nome\n});",
              "err": {},
              "uuid": "0a04d976-f66a-4f30-97dc-4297b4c0c021",
              "parentUUID": "3921558e-4ee3-4b79-9ed5-d66f972cb92b",
              "isHook": false,
              "skipped": false
            },
            {
              "title": "Deve exibir erro ao tentar logar sem informar o usuário",
              "fullTitle": "Suíte - Testes Login Deve exibir erro ao tentar logar sem informar o usuário",
              "timedOut": null,
              "duration": 3147,
              "state": "passed",
              "speed": "fast",
              "pass": true,
              "fail": false,
              "pending": false,
              "context": null,
              "code": "loginActions.loginComCredenciaisInvalidas(\" \", 'senha123');\nloginActions.verificarErroUsuarioObrigatorio();",
              "err": {},
              "uuid": "60c66649-bc70-473e-bb9a-a22b56e51f7f",
              "parentUUID": "3921558e-4ee3-4b79-9ed5-d66f972cb92b",
              "isHook": false,
              "skipped": false
            },
            {
              "title": "Deve exibir erro ao tentar logar com email inválido",
              "fullTitle": "Suíte - Testes Login Deve exibir erro ao tentar logar com email inválido",
              "timedOut": null,
              "duration": 4024,
              "state": "passed",
              "speed": "fast",
              "pass": true,
              "fail": false,
              "pending": false,
              "context": null,
              "code": "loginActions.loginComCredenciaisInvalidas(\"\", \"senha123\");\nloginActions.verificarErroEmailInvalido();",
              "err": {},
              "uuid": "b933c0ac-dde8-4929-ae46-1eebe19bbbe0",
              "parentUUID": "3921558e-4ee3-4b79-9ed5-d66f972cb92b",
              "isHook": false,
              "skipped": false
            },
            {
              "title": "Deve exibir erro ao tentar logar com senha incorreta",
              "fullTitle": "Suíte - Testes Login Deve exibir erro ao tentar logar com senha incorreta",
              "timedOut": null,
              "duration": 3779,
              "state": "passed",
              "speed": "fast",
              "pass": true,
              "fail": false,
              "pending": false,
              "context": null,
              "code": "loginActions.loginComCredenciaisInvalidas(Cypress.env('email'), \"senhaIncorreta\");\nloginActions.verificarErroSenhaIncorreta(Cypress.env('email'));",
              "err": {},
              "uuid": "e7e75c15-7a09-4ec1-9d18-24707a61ee13",
              "parentUUID": "3921558e-4ee3-4b79-9ed5-d66f972cb92b",
              "isHook": false,
              "skipped": false
            },
            {
              "title": "Deve exibir erro ao tentar logar com o campo senha vazio",
              "fullTitle": "Suíte - Testes Login Deve exibir erro ao tentar logar com o campo senha vazio",
              "timedOut": null,
              "duration": 3735,
              "state": "passed",
              "speed": "fast",
              "pass": true,
              "fail": false,
              "pending": false,
              "context": null,
              "code": "loginActions.loginComCredenciaisInvalidas(Cypress.env('email'), \" \");\nloginActions.verificarErroSenhavazio();",
              "err": {},
              "uuid": "2296ce4f-f41f-49a4-9db6-22b39030f855",
              "parentUUID": "3921558e-4ee3-4b79-9ed5-d66f972cb92b",
              "isHook": false,
              "skipped": false
            }
          ],
          "suites": [],
          "passes": [
            "0a04d976-f66a-4f30-97dc-4297b4c0c021",
            "60c66649-bc70-473e-bb9a-a22b56e51f7f",
            "b933c0ac-dde8-4929-ae46-1eebe19bbbe0",
            "e7e75c15-7a09-4ec1-9d18-24707a61ee13",
            "2296ce4f-f41f-49a4-9db6-22b39030f855"
          ],
          "failures": [],
          "pending": [],
          "skipped": [],
          "duration": 23892,
          "root": false,
          "rootEmpty": false,
          "_timeout": 2000
        }
      ],
      "passes": [],
      "failures": [],
      "pending": [],
      "skipped": [],
      "duration": 0,
      "root": true,
      "rootEmpty": true,
      "_timeout": 2000
    },
    {
      "uuid": "23e75e94-ebea-4212-9c15-fa8c0cb4161d",
      "title": "",
      "fullFile": "cypress\\e2e\\carrinhoCompras\\compra.cy.js",
      "file": "cypress\\e2e\\carrinhoCompras\\compra.cy.js",
      "beforeHooks": [],
      "afterHooks": [],
      "tests": [],
      "suites": [
        {
          "uuid": "84eebb58-17be-4a95-8958-cf929208d70a",
          "title": "Suíte - Carrinho de Compras",
          "fullFile": "",
          "file": "",
          "beforeHooks": [],
          "afterHooks": [],
          "tests": [
            {
              "title": "Deve efetuar a compra buscando pelo nome do produto",
              "fullTitle": "Suíte - Carrinho de Compras Deve efetuar a compra buscando pelo nome do produto",
              "timedOut": null,
              "duration": 40677,
              "state": "passed",
              "speed": "slow",
              "pass": true,
              "fail": false,
              "pending": false,
              "context": null,
              "code": "cy.fixture('produtos').then(produtos => {\n  // Importa os dados do arquivo JSON\n  const produto = produtos[0];\n  comprasActions.buscarProduto(produto.nome);\n  comprasActions.selecionarCaracteristica(produto.tamanho, produto.cor, produto.quantidade);\n  comprasActions.AdicionarAoCarrinho();\n  comprasActions.validarMensagemDeSucesso(`${produto.quantidade} × “${produto.nome}” foram adicionados no seu carrinho.`);\n  comprasActions.verCarrinho();\n  comprasActions.concluirCompra();\n  loginActions.loginComCredenciaisValidas();\n  comprasActions.pagarCompra();\n  comprasActions.validarMensagemDeSucessoOrder('Obrigado. Seu pedido foi recebido.');\n});",
              "err": {},
              "uuid": "3c45aaeb-3572-4827-a579-098be5b2f683",
              "parentUUID": "84eebb58-17be-4a95-8958-cf929208d70a",
              "isHook": false,
              "skipped": false
            },
            {
              "title": "Deve efetuar a compra selecionando o item na lista de produtos",
              "fullTitle": "Suíte - Carrinho de Compras Deve efetuar a compra selecionando o item na lista de produtos",
              "timedOut": null,
              "duration": 0,
              "state": "pending",
              "speed": null,
              "pass": false,
              "fail": false,
              "pending": true,
              "context": null,
              "code": "//TODO",
              "err": {},
              "uuid": "71eff130-5bd2-4b28-afa4-7d38d3053b7e",
              "parentUUID": "84eebb58-17be-4a95-8958-cf929208d70a",
              "isHook": false,
              "skipped": false
            }
          ],
          "suites": [],
          "passes": [
            "3c45aaeb-3572-4827-a579-098be5b2f683"
          ],
          "failures": [],
          "pending": [
            "71eff130-5bd2-4b28-afa4-7d38d3053b7e"
          ],
          "skipped": [],
          "duration": 40677,
          "root": false,
          "rootEmpty": false,
          "_timeout": 2000
        }
      ],
      "passes": [],
      "failures": [],
      "pending": [],
      "skipped": [],
      "duration": 0,
      "root": true,
      "rootEmpty": true,
      "_timeout": 2000
    }
  ],
  "meta": {
    "mocha": {
      "version": "7.2.0"
    },
    "mochawesome": {
      "options": {
        "quiet": false,
        "reportFilename": "index.html",
        "saveHtml": true,
        "saveJson": true,
        "consoleReporter": "spec",
        "useInlineDiffs": false,
        "code": true
      },
      "version": "7.1.4"
    },
    "marge": {
      "options": {
        "reportDir": "mochawesome-report",
        "overwrite": false,
        "reportFilename": "index.html",
        "html": true,
        "json": true
      },
      "version": "6.3.2"
    }
  }
}